2024-01-26 06:22:53.152729300000 [$pid(ThreadId 5)] ERROR APP - start debugging failed. user error (ExecResult not found.) : Left "user error (ExecResult not found.)"
2024-01-26 17:57:20.326903400000 [$pid(ThreadId 5)] ERROR APP - start debugging failed. user error (ExecResult not found.) : Left "user error (ExecResult not found.)"
2024-01-26 17:58:32.024880400000 [$pid(ThreadId 5)] ERROR APP - start debugging failed. user error (ExecResult not found.) : Left "user error (ExecResult not found.)"
2024-02-06 13:08:32.795055300000 [$pid(ThreadId 4)] CRITICAL REQUEST - invalid HANDLE. eof.
2024-02-06 13:09:18.566056200000 [$pid(ThreadId 5)] ERROR APP - start debugging failed. user error (ExecResult not found.) : Left "user error (ExecResult not found.)"
2024-02-10 22:18:58.924439900000 [$pid(ThreadId 5)] ERROR APP - start debugging failed. user error (ExecResult not found.) : Left "user error (ExecResult not found.)"
2024-02-15 08:13:15.504087700000 [$pid(ThreadId 5)] CRITICAL APP - invalid dap result from ghci. ["\"Part 1: 2024-02-15 08:13:40.077861200000 [$pid(ThreadId 5)] ERROR APP - start debugging failed. user error (ExecResult not found.) : Left "user error (ExecResult not found.)"
2024-02-15 08:16:41.270529500000 [$pid(ThreadId 5)] ERROR APP - already at the beginning of the history
2024-02-15 08:16:56.613678300000 [$pid(ThreadId 5)] ERROR APP - already at the beginning of the history
2024-02-15 08:16:59.213312900000 [$pid(ThreadId 5)] ERROR APP - already at the beginning of the history
2024-02-15 08:17:00.298400700000 [$pid(ThreadId 5)] ERROR APP - already at the beginning of the history
2024-02-15 08:17:48.770969600000 [$pid(ThreadId 5)] ERROR APP - already at the beginning of the history
2024-03-23 16:49:30.422757600000 [$pid(ThreadId 5)] ERROR APP - user error (<getModule> loaded module can not find from path. <c:\Users\danie\Documents\Haskell\AdventOfCode\src\Day23.hs> [])
2024-03-23 16:49:30.453928900000 [$pid(ThreadId 5)] ERROR APP - start debugging failed. user error (ExecResult not found.) : Left "user error (ExecResult not found.)"
2024-03-23 17:01:30.538543700000 [$pid(ThreadId 5)] ERROR APP - already at the beginning of the history
2024-03-23 17:01:31.081084400000 [$pid(ThreadId 5)] ERROR APP - already at the beginning of the history
2024-03-23 17:01:32.615570800000 [$pid(ThreadId 5)] ERROR APP - already at the beginning of the history
2024-03-23 17:01:34.779259200000 [$pid(ThreadId 5)] ERROR APP - already at the beginning of the history
2024-03-23 17:01:39.530529100000 [$pid(ThreadId 5)] ERROR APP - already at the beginning of the history
2024-03-23 17:01:40.982981600000 [$pid(ThreadId 5)] ERROR APP - already at the beginning of the history
2024-03-23 17:01:46.901114300000 [$pid(ThreadId 5)] ERROR APP - already at the beginning of the history
2024-03-23 17:01:48.393708300000 [$pid(ThreadId 5)] ERROR APP - already at the beginning of the history
2024-03-23 17:01:57.690554400000 [$pid(ThreadId 5)] ERROR APP - already at the beginning of the history
2024-03-23 17:31:11.818945400000 [$pid(ThreadId 5)] ERROR APP - user error (variable id:10 not found.)
